# JRE version: Java(TM) SE Runtime Environment (8.0_25-b17) (build 1.8.0_25-b17)
# Java VM: Java HotSpot(TM) 64-Bit Server VM (25.25-b02 mixed mode bsd-amd64 compressed oops)
Heap:
 PSYoungGen      total 141824K, used 42421K [0x000000076ab00000, 0x0000000777680000, 0x00000007c0000000)
  eden space 131072K, 32% used [0x000000076ab00000,0x000000076d46d7e0,0x0000000772b00000)
  from space 10752K, 0% used [0x0000000772b00000,0x0000000772b00000,0x0000000773580000)
  to   space 10752K, 0% used [0x0000000776c00000,0x0000000776c00000,0x0000000777680000)
 ParOldGen       total 175104K, used 21147K [0x00000006c0000000, 0x00000006cab00000, 0x000000076ab00000)
  object space 175104K, 12% used [0x00000006c0000000,0x00000006c14a6f68,0x00000006cab00000)
 Metaspace       used 38408K, capacity 38952K, committed 39040K, reserved 1083392K
  class space    used 5083K, capacity 5204K, committed 5248K, reserved 1048576K
GC Heap History (10 events):
Event: 0.972 GC heap before
{Heap before GC invocations=1 (full 0):
 PSYoungGen      total 76288K, used 65536K [0x000000076ab00000, 0x0000000770000000, 0x00000007c0000000)
  eden space 65536K, 100% used [0x000000076ab00000,0x000000076eb00000,0x000000076eb00000)
  from space 10752K, 0% used [0x000000076f580000,0x000000076f580000,0x0000000770000000)
  to   space 10752K, 0% used [0x000000076eb00000,0x000000076eb00000,0x000000076f580000)
 ParOldGen       total 175104K, used 0K [0x00000006c0000000, 0x00000006cab00000, 0x000000076ab00000)
  object space 175104K, 0% used [0x00000006c0000000,0x00000006c0000000,0x00000006cab00000)
 Metaspace       used 19234K, capacity 19482K, committed 19584K, reserved 1067008K
  class space    used 2327K, capacity 2395K, committed 2432K, reserved 1048576K
Event: 0.983 GC heap after
Heap after GC invocations=1 (full 0):
 PSYoungGen      total 76288K, used 9586K [0x000000076ab00000, 0x0000000774000000, 0x00000007c0000000)
  eden space 65536K, 0% used [0x000000076ab00000,0x000000076ab00000,0x000000076eb00000)
  from space 10752K, 89% used [0x000000076eb00000,0x000000076f45c958,0x000000076f580000)
  to   space 10752K, 0% used [0x0000000773580000,0x0000000773580000,0x0000000774000000)
 ParOldGen       total 175104K, used 88K [0x00000006c0000000, 0x00000006cab00000, 0x000000076ab00000)
  object space 175104K, 0% used [0x00000006c0000000,0x00000006c0016010,0x00000006cab00000)
 Metaspace       used 19234K, capacity 19482K, committed 19584K, reserved 1067008K
  class space    used 2327K, capacity 2395K, committed 2432K, reserved 1048576K
}
Event: 1.119 GC heap before
{Heap before GC invocations=2 (full 0):
 PSYoungGen      total 76288K, used 20496K [0x000000076ab00000, 0x0000000774000000, 0x00000007c0000000)
  eden space 65536K, 16% used [0x000000076ab00000,0x000000076b5a7a30,0x000000076eb00000)
  from space 10752K, 89% used [0x000000076eb00000,0x000000076f45c958,0x000000076f580000)
  to   space 10752K, 0% used [0x0000000773580000,0x0000000773580000,0x0000000774000000)
 ParOldGen       total 175104K, used 88K [0x00000006c0000000, 0x00000006cab00000, 0x000000076ab00000)
  object space 175104K, 0% used [0x00000006c0000000,0x00000006c0016010,0x00000006cab00000)
 Metaspace       used 20932K, capacity 21186K, committed 21296K, reserved 1069056K
  class space    used 2675K, capacity 2749K, committed 2816K, reserved 1048576K
Event: 1.125 GC heap after
Heap after GC invocations=2 (full 0):
 PSYoungGen      total 141824K, used 6972K [0x000000076ab00000, 0x0000000774000000, 0x00000007c0000000)
  eden space 131072K, 0% used [0x000000076ab00000,0x000000076ab00000,0x0000000772b00000)
  from space 10752K, 64% used [0x0000000773580000,0x0000000773c4f2c0,0x0000000774000000)
  to   space 10752K, 0% used [0x0000000772b00000,0x0000000772b00000,0x0000000773580000)
 ParOldGen       total 175104K, used 96K [0x00000006c0000000, 0x00000006cab00000, 0x000000076ab00000)
  object space 175104K, 0% used [0x00000006c0000000,0x00000006c0018010,0x00000006cab00000)
 Metaspace       used 20932K, capacity 21186K, committed 21296K, reserved 1069056K
  class space    used 2675K, capacity 2749K, committed 2816K, reserved 1048576K
}
Event: 1.125 GC heap before
{Heap before GC invocations=3 (full 1):
 PSYoungGen      total 141824K, used 6972K [0x000000076ab00000, 0x0000000774000000, 0x00000007c0000000)
  eden space 131072K, 0% used [0x000000076ab00000,0x000000076ab00000,0x0000000772b00000)
  from space 10752K, 64% used [0x0000000773580000,0x0000000773c4f2c0,0x0000000774000000)
  to   space 10752K, 0% used [0x0000000772b00000,0x0000000772b00000,0x0000000773580000)
 ParOldGen       total 175104K, used 96K [0x00000006c0000000, 0x00000006cab00000, 0x000000076ab00000)
  object space 175104K, 0% used [0x00000006c0000000,0x00000006c0018010,0x00000006cab00000)
 Metaspace       used 20932K, capacity 21186K, committed 21296K, reserved 1069056K
  class space    used 2675K, capacity 2749K, committed 2816K, reserved 1048576K
Event: 1.153 GC heap after
Heap after GC invocations=3 (full 1):
 PSYoungGen      total 141824K, used 0K [0x000000076ab00000, 0x0000000774000000, 0x00000007c0000000)
  eden space 131072K, 0% used [0x000000076ab00000,0x000000076ab00000,0x0000000772b00000)
  from space 10752K, 0% used [0x0000000773580000,0x0000000773580000,0x0000000774000000)
  to   space 10752K, 0% used [0x0000000772b00000,0x0000000772b00000,0x0000000773580000)
 ParOldGen       total 105472K, used 6750K [0x00000006c0000000, 0x00000006c6700000, 0x000000076ab00000)
  object space 105472K, 6% used [0x00000006c0000000,0x00000006c06979e0,0x00000006c6700000)
 Metaspace       used 20931K, capacity 21184K, committed 21296K, reserved 1069056K
  class space    used 2674K, capacity 2748K, committed 2816K, reserved 1048576K
}
Event: 4.735 GC heap before
{Heap before GC invocations=4 (full 1):
 PSYoungGen      total 141824K, used 81152K [0x000000076ab00000, 0x0000000774000000, 0x00000007c0000000)
  eden space 131072K, 61% used [0x000000076ab00000,0x000000076fa40280,0x0000000772b00000)
  from space 10752K, 0% used [0x0000000773580000,0x0000000773580000,0x0000000774000000)
  to   space 10752K, 0% used [0x0000000772b00000,0x0000000772b00000,0x0000000773580000)
 ParOldGen       total 105472K, used 6750K [0x00000006c0000000, 0x00000006c6700000, 0x000000076ab00000)
  object space 105472K, 6% used [0x00000006c0000000,0x00000006c06979e0,0x00000006c6700000)
 Metaspace       used 35027K, capacity 35418K, committed 35456K, reserved 1079296K
  class space    used 4626K, capacity 4717K, committed 4736K, reserved 1048576K
Event: 4.751 GC heap after
Heap after GC invocations=4 (full 1):
 PSYoungGen      total 141824K, used 10722K [0x000000076ab00000, 0x0000000777680000, 0x00000007c0000000)
  eden space 131072K, 0% used [0x000000076ab00000,0x000000076ab00000,0x0000000772b00000)
  from space 10752K, 99% used [0x0000000772b00000,0x0000000773578be8,0x0000000773580000)
  to   space 10752K, 0% used [0x0000000776c00000,0x0000000776c00000,0x0000000777680000)
 ParOldGen       total 105472K, used 12835K [0x00000006c0000000, 0x00000006c6700000, 0x000000076ab00000)
  object space 105472K, 12% used [0x00000006c0000000,0x00000006c0c88f80,0x00000006c6700000)
 Metaspace       used 35027K, capacity 35418K, committed 35456K, reserved 1079296K
  class space    used 4626K, capacity 4717K, committed 4736K, reserved 1048576K
}
Event: 4.751 GC heap before
{Heap before GC invocations=5 (full 2):
 PSYoungGen      total 141824K, used 10722K [0x000000076ab00000, 0x0000000777680000, 0x00000007c0000000)
  eden space 131072K, 0% used [0x000000076ab00000,0x000000076ab00000,0x0000000772b00000)
  from space 10752K, 99% used [0x0000000772b00000,0x0000000773578be8,0x0000000773580000)
  to   space 10752K, 0% used [0x0000000776c00000,0x0000000776c00000,0x0000000777680000)
 ParOldGen       total 105472K, used 12835K [0x00000006c0000000, 0x00000006c6700000, 0x000000076ab00000)
  object space 105472K, 12% used [0x00000006c0000000,0x00000006c0c88f80,0x00000006c6700000)
 Metaspace       used 35027K, capacity 35418K, committed 35456K, reserved 1079296K
  class space    used 4626K, capacity 4717K, committed 4736K, reserved 1048576K
Event: 4.791 GC heap after
Heap after GC invocations=5 (full 2):
 PSYoungGen      total 141824K, used 0K [0x000000076ab00000, 0x0000000777680000, 0x00000007c0000000)
  eden space 131072K, 0% used [0x000000076ab00000,0x000000076ab00000,0x0000000772b00000)
  from space 10752K, 0% used [0x0000000772b00000,0x0000000772b00000,0x0000000773580000)
  to   space 10752K, 0% used [0x0000000776c00000,0x0000000776c00000,0x0000000777680000)
 ParOldGen       total 175104K, used 21147K [0x00000006c0000000, 0x00000006cab00000, 0x000000076ab00000)
  object space 175104K, 12% used [0x00000006c0000000,0x00000006c14a6f68,0x00000006cab00000)
 Metaspace       used 35027K, capacity 35418K, committed 35456K, reserved 1079296K
  class space    used 4626K, capacity 4717K, committed 4736K, reserved 1048576K
}

